1566778707454	geckodriver	INFO	geckodriver 0.19.1
1566778707529	geckodriver	INFO	Listening on 127.0.0.1:60623
1566778708553	mozrunner::runner	INFO	Running command: "/Applications/Firefox.app/Contents/MacOS/firefox-bin" "-marionette" "-profile" "/var/folders/_v/j7t1zbh11z59xdrms6n9x4pr0000gn/T/rust_mozprofile.MP62nm8DvQef"
1566778708991	addons.webextension.screenshots@mozilla.org	WARN	Loading extension 'screenshots@mozilla.org': Reading manifest: Invalid extension permission: mozillaAddons
1566778708991	addons.webextension.screenshots@mozilla.org	WARN	Loading extension 'screenshots@mozilla.org': Reading manifest: Invalid extension permission: telemetry
1566778708991	addons.webextension.screenshots@mozilla.org	WARN	Loading extension 'screenshots@mozilla.org': Reading manifest: Invalid extension permission: resource://pdf.js/
1566778708991	addons.webextension.screenshots@mozilla.org	WARN	Loading extension 'screenshots@mozilla.org': Reading manifest: Invalid extension permission: about:reader*
1566778709089	Marionette	TRACE	Received observer notification profile-after-change
1566778709193	Marionette	TRACE	Received observer notification command-line-startup
1566778709194	Marionette	TRACE	Received observer notification nsPref:changed
1566778709194	Marionette	DEBUG	Init aborted (running=false, enabled=true, finalUIStartup=false)
1566778709408	Marionette	TRACE	Received observer notification toplevel-window-ready
1566778710575	Marionette	TRACE	Received observer notification marionette-startup-requested
1566778710575	Marionette	TRACE	Waiting until startup recorder finished recording startup scripts...
1566778710606	Marionette	TRACE	All scripts recorded.
1566778710606	Marionette	DEBUG	Setting recommended pref app.update.disabledForTesting to true
1566778710606	Marionette	DEBUG	Setting recommended pref browser.contentblocking.introCount to 99
1566778710607	Marionette	DEBUG	Setting recommended pref browser.tabs.remote.separatePrivilegedContentProcess to false
1566778710607	Marionette	DEBUG	Setting recommended pref browser.tabs.unloadOnLowMemory to false
1566778710607	Marionette	DEBUG	Setting recommended pref datareporting.policy.dataSubmissionPolicyAccepted to false
1566778710608	Marionette	DEBUG	Setting recommended pref dom.disable_beforeunload to true
1566778710608	Marionette	DEBUG	Setting recommended pref security.certerrors.mitm.priming.enabled to false
1566778710608	Marionette	DEBUG	Setting recommended pref toolkit.cosmeticAnimations.enabled to false
1566778710651	Marionette	INFO	Listening on port 60639
1566778710651	Marionette	DEBUG	Remote service is active
1566778710674	Marionette	DEBUG	Accepted connection 0 from 127.0.0.1:60708
1566778710676	Marionette	DEBUG	0 -> [0,1,"newSession",{"acceptInsecureCerts":true,"browserName":"firefox","capabilities":{"desiredCapabilities":{"acceptInsecureCerts":true,"browserName":"firefox"}}}]
1566778710676	Marionette	DEBUG	0 <- [1,1,{"error":"unknown command","message":"newSession","stacktrace":"WebDriverError@chrome://marionette/content/error.js:179: ... t@chrome://marionette/content/server.js:236:9\n_onJSONObjectReady/<@chrome://marionette/content/transport.js:492:20\n"},null]
[GFX1-]: Receive IPC close with reason=AbnormalShutdown
Exiting due to channel error.
[GFX1-]: Receive IPC close with reason=AbnormalShutdown
[Child 7083, Chrome_ChildThread] WARNING: pipe error: Broken pipe: file /builds/worker/workspace/build/src/ipc/chromium/src/chrome/common/ipc_channel_posix.cc, line 727
Exiting due to channel error.
1566780569321	geckodriver	INFO	geckodriver 0.19.1
1566780569381	geckodriver	INFO	Listening on 127.0.0.1:61292
1566780570432	mozrunner::runner	INFO	Running command: "/Applications/Firefox.app/Contents/MacOS/firefox-bin" "-marionette" "-profile" "/var/folders/_v/j7t1zbh11z59xdrms6n9x4pr0000gn/T/rust_mozprofile.UlzdwhJ7sv5k"
1566780570837	addons.webextension.screenshots@mozilla.org	WARN	Loading extension 'screenshots@mozilla.org': Reading manifest: Invalid extension permission: mozillaAddons
1566780570837	addons.webextension.screenshots@mozilla.org	WARN	Loading extension 'screenshots@mozilla.org': Reading manifest: Invalid extension permission: telemetry
1566780570837	addons.webextension.screenshots@mozilla.org	WARN	Loading extension 'screenshots@mozilla.org': Reading manifest: Invalid extension permission: resource://pdf.js/
1566780570837	addons.webextension.screenshots@mozilla.org	WARN	Loading extension 'screenshots@mozilla.org': Reading manifest: Invalid extension permission: about:reader*
1566780570932	Marionette	TRACE	Received observer notification profile-after-change
1566780571035	Marionette	TRACE	Received observer notification command-line-startup
1566780571036	Marionette	TRACE	Received observer notification nsPref:changed
1566780571036	Marionette	DEBUG	Init aborted (running=false, enabled=true, finalUIStartup=false)
1566780571254	Marionette	TRACE	Received observer notification toplevel-window-ready
1566780572260	Marionette	TRACE	Received observer notification marionette-startup-requested
1566780572261	Marionette	TRACE	Waiting until startup recorder finished recording startup scripts...
1566780572269	Marionette	TRACE	All scripts recorded.
1566780572269	Marionette	DEBUG	Setting recommended pref app.update.disabledForTesting to true
1566780572269	Marionette	DEBUG	Setting recommended pref browser.contentblocking.introCount to 99
1566780572270	Marionette	DEBUG	Setting recommended pref browser.tabs.remote.separatePrivilegedContentProcess to false
1566780572270	Marionette	DEBUG	Setting recommended pref browser.tabs.unloadOnLowMemory to false
1566780572270	Marionette	DEBUG	Setting recommended pref datareporting.policy.dataSubmissionPolicyAccepted to false
1566780572270	Marionette	DEBUG	Setting recommended pref dom.disable_beforeunload to true
1566780572270	Marionette	DEBUG	Setting recommended pref security.certerrors.mitm.priming.enabled to false
1566780572270	Marionette	DEBUG	Setting recommended pref toolkit.cosmeticAnimations.enabled to false
1566780572303	Marionette	INFO	Listening on port 61308
1566780572303	Marionette	DEBUG	Remote service is active
1566780572347	Marionette	DEBUG	Accepted connection 0 from 127.0.0.1:61371
1566780572349	Marionette	DEBUG	0 -> [0,1,"newSession",{"acceptInsecureCerts":true,"browserName":"firefox","capabilities":{"desiredCapabilities":{"acceptInsecureCerts":true,"browserName":"firefox"}}}]
1566780572349	Marionette	DEBUG	0 <- [1,1,{"error":"unknown command","message":"newSession","stacktrace":"WebDriverError@chrome://marionette/content/error.js:179: ... t@chrome://marionette/content/server.js:236:9\n_onJSONObjectReady/<@chrome://marionette/content/transport.js:492:20\n"},null]
[GFX1-]: Receive IPC close with reason=AbnormalShutdown
Exiting due to channel error.
[GFX1-]: Receive IPC close with reason=AbnormalShutdown
[Child 7241, Chrome_ChildThread] WARNING: pipe error: Broken pipe: file /builds/worker/workspace/build/src/ipc/chromium/src/chrome/common/ipc_channel_posix.cc, line 727
Exiting due to channel error.
1566780615551	geckodriver	INFO	geckodriver 0.19.1
1566780615609	geckodriver	INFO	Listening on 127.0.0.1:61373
1566780616658	mozrunner::runner	INFO	Running command: "/Applications/Firefox.app/Contents/MacOS/firefox-bin" "-marionette" "-profile" "/var/folders/_v/j7t1zbh11z59xdrms6n9x4pr0000gn/T/rust_mozprofile.slKR4U1w5C62"
1566780617044	addons.webextension.screenshots@mozilla.org	WARN	Loading extension 'screenshots@mozilla.org': Reading manifest: Invalid extension permission: mozillaAddons
1566780617045	addons.webextension.screenshots@mozilla.org	WARN	Loading extension 'screenshots@mozilla.org': Reading manifest: Invalid extension permission: telemetry
1566780617045	addons.webextension.screenshots@mozilla.org	WARN	Loading extension 'screenshots@mozilla.org': Reading manifest: Invalid extension permission: resource://pdf.js/
1566780617045	addons.webextension.screenshots@mozilla.org	WARN	Loading extension 'screenshots@mozilla.org': Reading manifest: Invalid extension permission: about:reader*
1566780617137	Marionette	TRACE	Received observer notification profile-after-change
1566780617240	Marionette	TRACE	Received observer notification command-line-startup
1566780617240	Marionette	TRACE	Received observer notification nsPref:changed
1566780617241	Marionette	DEBUG	Init aborted (running=false, enabled=true, finalUIStartup=false)
1566780617450	Marionette	TRACE	Received observer notification toplevel-window-ready
1566780618439	Marionette	TRACE	Received observer notification marionette-startup-requested
1566780618439	Marionette	TRACE	Waiting until startup recorder finished recording startup scripts...
1566780618447	Marionette	TRACE	All scripts recorded.
1566780618447	Marionette	DEBUG	Setting recommended pref app.update.disabledForTesting to true
1566780618448	Marionette	DEBUG	Setting recommended pref browser.contentblocking.introCount to 99
1566780618448	Marionette	DEBUG	Setting recommended pref browser.tabs.remote.separatePrivilegedContentProcess to false
1566780618448	Marionette	DEBUG	Setting recommended pref browser.tabs.unloadOnLowMemory to false
1566780618448	Marionette	DEBUG	Setting recommended pref datareporting.policy.dataSubmissionPolicyAccepted to false
1566780618448	Marionette	DEBUG	Setting recommended pref dom.disable_beforeunload to true
1566780618448	Marionette	DEBUG	Setting recommended pref security.certerrors.mitm.priming.enabled to false
1566780618448	Marionette	DEBUG	Setting recommended pref toolkit.cosmeticAnimations.enabled to false
1566780618481	Marionette	INFO	Listening on port 61389
1566780618481	Marionette	DEBUG	Remote service is active
1566780618579	Marionette	DEBUG	Accepted connection 0 from 127.0.0.1:61453
1566780618582	Marionette	DEBUG	0 -> [0,1,"newSession",{"acceptInsecureCerts":true,"browserName":"firefox","capabilities":{"desiredCapabilities":{"acceptInsecureCerts":true,"browserName":"firefox"}}}]
1566780618583	Marionette	DEBUG	0 <- [1,1,{"error":"unknown command","message":"newSession","stacktrace":"WebDriverError@chrome://marionette/content/error.js:179: ... t@chrome://marionette/content/server.js:236:9\n_onJSONObjectReady/<@chrome://marionette/content/transport.js:492:20\n"},null]
[GFX1-]: Receive IPC close with reason=AbnormalShutdown
[Child 7246, Chrome_ChildThread] WARNING: pipe error: Socket is not connected: file /builds/worker/workspace/build/src/ipc/chromium/src/chrome/common/ipc_channel_posix.cc, line 727
Exiting due to channel error.
[GFX1-]: Receive IPC close with reason=AbnormalShutdown
Exiting due to channel error.
1566780683139	geckodriver	INFO	geckodriver 0.19.1
1566780683199	geckodriver	INFO	Listening on 127.0.0.1:61522
1566780684257	mozrunner::runner	INFO	Running command: "/Applications/Firefox.app/Contents/MacOS/firefox-bin" "-marionette" "-profile" "/var/folders/_v/j7t1zbh11z59xdrms6n9x4pr0000gn/T/rust_mozprofile.WXfnnxnhkGCw"
1566780684675	addons.webextension.screenshots@mozilla.org	WARN	Loading extension 'screenshots@mozilla.org': Reading manifest: Invalid extension permission: mozillaAddons
1566780684676	addons.webextension.screenshots@mozilla.org	WARN	Loading extension 'screenshots@mozilla.org': Reading manifest: Invalid extension permission: telemetry
1566780684676	addons.webextension.screenshots@mozilla.org	WARN	Loading extension 'screenshots@mozilla.org': Reading manifest: Invalid extension permission: resource://pdf.js/
1566780684676	addons.webextension.screenshots@mozilla.org	WARN	Loading extension 'screenshots@mozilla.org': Reading manifest: Invalid extension permission: about:reader*
1566780684772	Marionette	TRACE	Received observer notification profile-after-change
1566780684880	Marionette	TRACE	Received observer notification command-line-startup
1566780684880	Marionette	TRACE	Received observer notification nsPref:changed
1566780684881	Marionette	DEBUG	Init aborted (running=false, enabled=true, finalUIStartup=false)
1566780685094	Marionette	TRACE	Received observer notification toplevel-window-ready
1566780686216	Marionette	TRACE	Received observer notification marionette-startup-requested
1566780686216	Marionette	TRACE	Waiting until startup recorder finished recording startup scripts...
1566780686227	Marionette	TRACE	All scripts recorded.
1566780686227	Marionette	DEBUG	Setting recommended pref app.update.disabledForTesting to true
1566780686227	Marionette	DEBUG	Setting recommended pref browser.contentblocking.introCount to 99
1566780686228	Marionette	DEBUG	Setting recommended pref browser.tabs.remote.separatePrivilegedContentProcess to false
1566780686228	Marionette	DEBUG	Setting recommended pref browser.tabs.unloadOnLowMemory to false
1566780686228	Marionette	DEBUG	Setting recommended pref datareporting.policy.dataSubmissionPolicyAccepted to false
1566780686228	Marionette	DEBUG	Setting recommended pref dom.disable_beforeunload to true
1566780686228	Marionette	DEBUG	Setting recommended pref security.certerrors.mitm.priming.enabled to false
1566780686228	Marionette	DEBUG	Setting recommended pref toolkit.cosmeticAnimations.enabled to false
1566780686264	Marionette	INFO	Listening on port 61534
1566780686264	Marionette	DEBUG	Remote service is active
1566780686279	Marionette	DEBUG	Accepted connection 0 from 127.0.0.1:61598
1566780686281	Marionette	DEBUG	0 -> [0,1,"newSession",{"acceptInsecureCerts":true,"browserName":"firefox","capabilities":{"desiredCapabilities":{"acceptInsecureCerts":true,"browserName":"firefox"}}}]
1566780686281	Marionette	DEBUG	0 <- [1,1,{"error":"unknown command","message":"newSession","stacktrace":"WebDriverError@chrome://marionette/content/error.js:179: ... t@chrome://marionette/content/server.js:236:9\n_onJSONObjectReady/<@chrome://marionette/content/transport.js:492:20\n"},null]
[GFX1-]: Receive IPC close with reason=AbnormalShutdown
Exiting due to channel error.
[GFX1-]: Receive IPC close with reason=AbnormalShutdown
Exiting due to channel error.
1566858124311	geckodriver	INFO	geckodriver 0.19.1
1566858124371	geckodriver	INFO	Listening on 127.0.0.1:49505
1566858125686	mozrunner::runner	INFO	Running command: "/Applications/Firefox.app/Contents/MacOS/firefox-bin" "-marionette" "-profile" "/var/folders/_v/j7t1zbh11z59xdrms6n9x4pr0000gn/T/rust_mozprofile.GbZjWiwuyosK"
1566858126278	addons.webextension.screenshots@mozilla.org	WARN	Loading extension 'screenshots@mozilla.org': Reading manifest: Invalid extension permission: mozillaAddons
1566858126278	addons.webextension.screenshots@mozilla.org	WARN	Loading extension 'screenshots@mozilla.org': Reading manifest: Invalid extension permission: telemetry
1566858126278	addons.webextension.screenshots@mozilla.org	WARN	Loading extension 'screenshots@mozilla.org': Reading manifest: Invalid extension permission: resource://pdf.js/
1566858126278	addons.webextension.screenshots@mozilla.org	WARN	Loading extension 'screenshots@mozilla.org': Reading manifest: Invalid extension permission: about:reader*
1566858126384	Marionette	TRACE	Received observer notification profile-after-change
1566858126505	Marionette	TRACE	Received observer notification command-line-startup
1566858126505	Marionette	TRACE	Received observer notification nsPref:changed
1566858126505	Marionette	DEBUG	Init aborted (running=false, enabled=true, finalUIStartup=false)
1566858126785	Marionette	TRACE	Received observer notification toplevel-window-ready
1566858128104	Marionette	TRACE	Received observer notification marionette-startup-requested
1566858128104	Marionette	TRACE	Waiting until startup recorder finished recording startup scripts...
1566858128191	Marionette	TRACE	All scripts recorded.
1566858128191	Marionette	DEBUG	Setting recommended pref app.update.disabledForTesting to true
1566858128192	Marionette	DEBUG	Setting recommended pref browser.contentblocking.introCount to 99
1566858128192	Marionette	DEBUG	Setting recommended pref browser.tabs.remote.separatePrivilegedContentProcess to false
1566858128192	Marionette	DEBUG	Setting recommended pref browser.tabs.unloadOnLowMemory to false
1566858128192	Marionette	DEBUG	Setting recommended pref datareporting.policy.dataSubmissionPolicyAccepted to false
1566858128192	Marionette	DEBUG	Setting recommended pref dom.disable_beforeunload to true
1566858128193	Marionette	DEBUG	Setting recommended pref security.certerrors.mitm.priming.enabled to false
1566858128193	Marionette	DEBUG	Setting recommended pref toolkit.cosmeticAnimations.enabled to false
1566858128240	Marionette	INFO	Listening on port 49517
1566858128240	Marionette	DEBUG	Remote service is active
1566858128255	Marionette	DEBUG	Accepted connection 0 from 127.0.0.1:49598
1566858128258	Marionette	DEBUG	0 -> [0,1,"newSession",{"acceptInsecureCerts":true,"browserName":"firefox","capabilities":{"desiredCapabilities":{"acceptInsecureCerts":true,"browserName":"firefox"}}}]
1566858128259	Marionette	DEBUG	0 <- [1,1,{"error":"unknown command","message":"newSession","stacktrace":"WebDriverError@chrome://marionette/content/error.js:179: ... t@chrome://marionette/content/server.js:236:9\n_onJSONObjectReady/<@chrome://marionette/content/transport.js:492:20\n"},null]
Exiting due to channel error.
[GFX1-]: Receive IPC close with reason=AbnormalShutdown
Exiting due to channel error.
[GFX1-]: Receive IPC close with reason=AbnormalShutdown
Exiting due to channel error.
